This is pdfTeX, Version 3.141592653-2.6-1.40.22 (TeX Live 2021 Gentoo Linux) (preloaded format=prv_bonk-editing.org 2023.8.27)  27 AUG 2023 05:41
entering extended mode
 restricted \write18 enabled.
 file:line:error style messages enabled.
 %&-line parsing enabled.
**&prv_bonk-editing.org /AUCTEXINPUT{ bonk-editing.org.tex }
(./bonk-editing.org.tex (/usr/share/texmf-dist/tex/latex/l3backend/l3backend-pdftex.def
File: l3backend-pdftex.def 2021-03-18 L3 backend support: PDF output (pdfTeX)
\l__color_backend_stack_int=\count287
\l__pdf_internal_box=\box63
)
No file bonk-editing.org.aux.
LaTeX Font Info:    Checking defaults for OML/cmm/m/it on input line 30.
LaTeX Font Info:    ... okay on input line 30.
LaTeX Font Info:    Checking defaults for OMS/cmsy/m/n on input line 30.
LaTeX Font Info:    ... okay on input line 30.
LaTeX Font Info:    Checking defaults for OT1/cmr/m/n on input line 30.
LaTeX Font Info:    ... okay on input line 30.
LaTeX Font Info:    Checking defaults for T1/cmr/m/n on input line 30.
LaTeX Font Info:    ... okay on input line 30.
LaTeX Font Info:    Checking defaults for TS1/cmr/m/n on input line 30.
LaTeX Font Info:    ... okay on input line 30.
LaTeX Font Info:    Checking defaults for OMX/cmex/m/n on input line 30.
LaTeX Font Info:    ... okay on input line 30.
LaTeX Font Info:    Checking defaults for U/cmr/m/n on input line 30.
LaTeX Font Info:    ... okay on input line 30.
(/usr/share/texmf-dist/tex/context/base/mkii/supp-pdf.mkii
[Loading MPS to PDF converter (version 2006.09.02).]
\scratchcounter=\count288
\scratchdimen=\dimen259
\scratchbox=\box64
\nofMPsegments=\count289
\nofMParguments=\count290
\everyMPshowfont=\toks36
\MPscratchCnt=\count291
\MPscratchDim=\dimen260
\MPnumerator=\count292
\makeMPintoPDFobject=\count293
\everyMPtoPDFconversion=\toks37
) (/usr/share/texmf-dist/tex/latex/epstopdf-pkg/epstopdf-base.sty
Package: epstopdf-base 2020-01-24 v2.11 Base part for package epstopdf
Package epstopdf-base Info: Redefining graphics rule for `.eps' on input line 485.
 (/usr/share/texmf-dist/tex/latex/latexconfig/epstopdf-sys.cfg
File: epstopdf-sys.cfg 2010/07/13 v1.3 Configuration of (r)epstopdf for TeX Live
)) (/home/mopeps/.emacs.d/straight/build/auctex/latex/preview.sty
Package: preview 2023/01/17 13.2 (AUCTeX/preview-latex)
 (/usr/share/texmf-dist/tex/generic/luatex85/luatex85.sty
Package: luatex85 2016/06/15 v1.4 pdftex aliases for luatex
) (/home/mopeps/.emacs.d/straight/build/auctex/latex/prtightpage.def
\PreviewBorder=\dimen261
) (/home/mopeps/.emacs.d/straight/build/auctex/latex/prauctex.def
No auxiliary output files.


\hbadness=\count294
\hfuzz=\dimen262
(/home/mopeps/.emacs.d/straight/build/auctex/latex/prauctex.cfg)) (/home/mopeps/.emacs.d/straight/build/auctex/latex/prfootnotes.def)
\pr@snippet=\count295
\pr@box=\box65
\pr@output=\toks38

Preview: Fontsize 10pt
Preview: PDFoutput 1
)
./bonk-editing.org.tex:31: Preview: Snippet 1 started.
<-><->
      
l.31 \begin{preview}
                    
Not a real error.

Preview: Tightpage -32891 -32891 32891 32891
./bonk-editing.org.tex:38: Preview: Snippet 1 ended.(1890892+0x11214288).
<-><->
      
l.38 \end{preview}
                  
Not a real error.

[1] ) 
Here is how much of TeX's memory you used:
 793 strings out of 467787
 14384 string characters out of 5650590
 512336 words of memory out of 5000000
 30281 multiletter control sequences out of 15000+600000
 410763 words of font info for 44 fonts, out of 8000000 for 9000
 478 hyphenation exceptions out of 8191
 57i,4n,62p,255b,592s stack positions out of 5000i,500n,10000p,200000b,80000s

Output written on bonk-editing.org.pdf (1 page, 1363 bytes).
PDF statistics:
 11 PDF objects out of 1000 (max. 8388607)
 7 compressed objects within 1 object stream
 0 named destinations out of 1000 (max. 500000)
 13 words of extra memory for PDF output out of 10000 (max. 10000000)

